# JRE version: OpenJDK Runtime Environment Temurin-22.0.1+8 (22.0.1+8) (build 22.0.1+8)
# Java VM: OpenJDK 64-Bit Server VM Temurin-22.0.1+8 (22.0.1+8, mixed mode, emulated-client, tiered, compressed oops, compressed class ptrs, g1 gc, windows-amd64)
GC Precious Log:
 CardTable entry size: 512
 Card Set container configuration: InlinePtr #cards 4 size 8 Array Of Cards #cards 16 size 48 Howl #buckets 8 coarsen threshold 3686 Howl Bitmap #cards 512 size 80 coarsen threshold 460 Card regions per heap region 1 cards per card region 4096
 CPUs: 8 total, 8 available
 Memory: 16074M
 Large Page Support: Disabled
 NUMA Support: Disabled
 Compressed Oops: Enabled (Zero based)
 Heap Region Size: 2M
 Heap Min Capacity: 8M
 Heap Initial Capacity: 252M
 Heap Max Capacity: 4020M
 Pre-touch: Disabled
 Parallel Workers: 8
 Concurrent Workers: 2
 Concurrent Refinement Workers: 8
 Periodic GC: Disabled
Heap:
 garbage-first heap   total reserved 4116480K, committed 122880K, used 72353K [0x0000000704c00000, 0x0000000800000000)
  region size 2048K, 18 young (36864K), 2 survivors (4096K)
 Metaspace       used 96621K, committed 97472K, reserved 1179648K
  class space    used 12800K, committed 13184K, reserved 1048576K
GC Heap History (20 events):
Event: 1105.271 GC heap before
{Heap before GC invocations=30 (full 3):
 garbage-first heap   total reserved 4116480K, committed 122880K, used 101688K [0x0000000704c00000, 0x0000000800000000)
  region size 2048K, 34 young (69632K), 0 survivors (0K)
 Metaspace       used 93030K, committed 93824K, reserved 1179648K
  class space    used 12489K, committed 12864K, reserved 1048576K
}
Event: 1105.275 GC heap after
{Heap after GC invocations=31 (full 3):
 garbage-first heap   total reserved 4116480K, committed 122880K, used 39902K [0x0000000704c00000, 0x0000000800000000)
  region size 2048K, 3 young (6144K), 3 survivors (6144K)
 Metaspace       used 93030K, committed 93824K, reserved 1179648K
  class space    used 12489K, committed 12864K, reserved 1048576K
}
Event: 1181.880 GC heap before
{Heap before GC invocations=31 (full 3):
 garbage-first heap   total reserved 4116480K, committed 122880K, used 89054K [0x0000000704c00000, 0x0000000800000000)
  region size 2048K, 28 young (57344K), 3 survivors (6144K)
 Metaspace       used 93389K, committed 94208K, reserved 1179648K
  class space    used 12512K, committed 12864K, reserved 1048576K
}
Event: 1181.923 GC heap after
{Heap after GC invocations=32 (full 4):
 garbage-first heap   total reserved 4116480K, committed 122880K, used 33774K [0x0000000704c00000, 0x0000000800000000)
  region size 2048K, 0 young (0K), 0 survivors (0K)
 Metaspace       used 93271K, committed 94208K, reserved 1179648K
  class space    used 12480K, committed 12864K, reserved 1048576K
}
Event: 1182.893 GC heap before
{Heap before GC invocations=32 (full 4):
 garbage-first heap   total reserved 4116480K, committed 122880K, used 101358K [0x0000000704c00000, 0x0000000800000000)
  region size 2048K, 34 young (69632K), 0 survivors (0K)
 Metaspace       used 93764K, committed 94528K, reserved 1179648K
  class space    used 12543K, committed 12864K, reserved 1048576K
}
Event: 1182.898 GC heap after
{Heap after GC invocations=33 (full 4):
 garbage-first heap   total reserved 4116480K, committed 122880K, used 39461K [0x0000000704c00000, 0x0000000800000000)
  region size 2048K, 3 young (6144K), 3 survivors (6144K)
 Metaspace       used 93764K, committed 94528K, reserved 1179648K
  class space    used 12543K, committed 12864K, reserved 1048576K
}
Event: 1261.531 GC heap before
{Heap before GC invocations=33 (full 4):
 garbage-first heap   total reserved 4116480K, committed 122880K, used 84517K [0x0000000704c00000, 0x0000000800000000)
  region size 2048K, 26 young (53248K), 3 survivors (6144K)
 Metaspace       used 94143K, committed 94912K, reserved 1179648K
  class space    used 12567K, committed 12928K, reserved 1048576K
}
Event: 1261.585 GC heap after
{Heap after GC invocations=34 (full 5):
 garbage-first heap   total reserved 4116480K, committed 122880K, used 34223K [0x0000000704c00000, 0x0000000800000000)
  region size 2048K, 0 young (0K), 0 survivors (0K)
 Metaspace       used 94141K, committed 94912K, reserved 1179648K
  class space    used 12566K, committed 12928K, reserved 1048576K
}
Event: 1262.132 GC heap before
{Heap before GC invocations=34 (full 5):
 garbage-first heap   total reserved 4116480K, committed 122880K, used 103855K [0x0000000704c00000, 0x0000000800000000)
  region size 2048K, 34 young (69632K), 0 survivors (0K)
 Metaspace       used 94623K, committed 95424K, reserved 1179648K
  class space    used 12617K, committed 12992K, reserved 1048576K
}
Event: 1262.136 GC heap after
{Heap after GC invocations=35 (full 5):
 garbage-first heap   total reserved 4116480K, committed 122880K, used 39774K [0x0000000704c00000, 0x0000000800000000)
  region size 2048K, 3 young (6144K), 3 survivors (6144K)
 Metaspace       used 94623K, committed 95424K, reserved 1179648K
  class space    used 12617K, committed 12992K, reserved 1048576K
}
Event: 1416.341 GC heap before
{Heap before GC invocations=35 (full 5):
 garbage-first heap   total reserved 4116480K, committed 122880K, used 93022K [0x0000000704c00000, 0x0000000800000000)
  region size 2048K, 31 young (63488K), 3 survivors (6144K)
 Metaspace       used 95014K, committed 95872K, reserved 1179648K
  class space    used 12651K, committed 13056K, reserved 1048576K
}
Event: 1416.392 GC heap after
{Heap after GC invocations=36 (full 6):
 garbage-first heap   total reserved 4116480K, committed 122880K, used 34698K [0x0000000704c00000, 0x0000000800000000)
  region size 2048K, 0 young (0K), 0 survivors (0K)
 Metaspace       used 95012K, committed 95872K, reserved 1179648K
  class space    used 12650K, committed 13056K, reserved 1048576K
}
Event: 1416.998 GC heap before
{Heap before GC invocations=36 (full 6):
 garbage-first heap   total reserved 4116480K, committed 122880K, used 102282K [0x0000000704c00000, 0x0000000800000000)
  region size 2048K, 34 young (69632K), 0 survivors (0K)
 Metaspace       used 95483K, committed 96256K, reserved 1179648K
  class space    used 12696K, committed 13056K, reserved 1048576K
}
Event: 1417.004 GC heap after
{Heap after GC invocations=37 (full 6):
 garbage-first heap   total reserved 4116480K, committed 122880K, used 40356K [0x0000000704c00000, 0x0000000800000000)
  region size 2048K, 3 young (6144K), 3 survivors (6144K)
 Metaspace       used 95483K, committed 96256K, reserved 1179648K
  class space    used 12696K, committed 13056K, reserved 1048576K
}
Event: 1533.369 GC heap before
{Heap before GC invocations=37 (full 6):
 garbage-first heap   total reserved 4116480K, committed 122880K, used 89508K [0x0000000704c00000, 0x0000000800000000)
  region size 2048K, 28 young (57344K), 3 survivors (6144K)
 Metaspace       used 95870K, committed 96704K, reserved 1179648K
  class space    used 12735K, committed 13120K, reserved 1048576K
}
Event: 1533.424 GC heap after
{Heap after GC invocations=38 (full 7):
 garbage-first heap   total reserved 4116480K, committed 122880K, used 34806K [0x0000000704c00000, 0x0000000800000000)
  region size 2048K, 0 young (0K), 0 survivors (0K)
 Metaspace       used 95849K, committed 96704K, reserved 1179648K
  class space    used 12730K, committed 13120K, reserved 1048576K
}
Event: 1533.994 GC heap before
{Heap before GC invocations=38 (full 7):
 garbage-first heap   total reserved 4116480K, committed 122880K, used 104438K [0x0000000704c00000, 0x0000000800000000)
  region size 2048K, 34 young (69632K), 0 survivors (0K)
 Metaspace       used 96317K, committed 97216K, reserved 1179648K
  class space    used 12776K, committed 13184K, reserved 1048576K
}
Event: 1534.000 GC heap after
{Heap after GC invocations=39 (full 7):
 garbage-first heap   total reserved 4116480K, committed 122880K, used 40721K [0x0000000704c00000, 0x0000000800000000)
  region size 2048K, 3 young (6144K), 3 survivors (6144K)
 Metaspace       used 96317K, committed 97216K, reserved 1179648K
  class space    used 12776K, committed 13184K, reserved 1048576K
}
Event: 2092.181 GC heap before
{Heap before GC invocations=39 (full 7):
 garbage-first heap   total reserved 4116480K, committed 122880K, used 106257K [0x0000000704c00000, 0x0000000800000000)
  region size 2048K, 35 young (71680K), 3 survivors (6144K)
 Metaspace       used 96417K, committed 97280K, reserved 1179648K
  class space    used 12783K, committed 13184K, reserved 1048576K
}
Event: 2092.201 GC heap after
{Heap after GC invocations=40 (full 7):
 garbage-first heap   total reserved 4116480K, committed 122880K, used 41633K [0x0000000704c00000, 0x0000000800000000)
  region size 2048K, 2 young (4096K), 2 survivors (4096K)
 Metaspace       used 96417K, committed 97280K, reserved 1179648K
  class space    used 12783K, committed 13184K, reserved 1048576K
}

